=====================================================
Optimization start at 2022-04-01 00:37:05.408138
with Nelder-Mead method with tol=1.00e-02
====================================================
Initial conditions
[-9.823908740944319, 5.0, -7.982966660701219, -6.134896025358872, -7.85078088734462, -6.416801226031377, -7.823908740944319, -3.07727454200674]
========================
 completed 2022-04-01 00:43:18.265315
Parameters:
ARA50=1.01e-10, gammaA=4.17 
Cisatracurium: 
KD1=2.19e-08, KD2=2.12e-08, kdissD=1.0, mu=1.0338 
  EC50=1.44e-07, Gm=7.25 
  IC50=8.47e-09, nH=1.19 
Vecuronium: 
KD1=2.09e-08, KD2=9.29e-08, kdissD=1.0, mu=0.2247 
  EC50=2.83e-07, Gm=7.02 
  IC50=1.44e-08, nH=1.14 
Rocuronium: 
KD1=1.88e-08, KD2=1.28e-04, kdissD=1.0, mu=0.0001 
  EC50=1.08e-06, Gm=4.13 
  IC50=1.88e-08, nH=1.00 
---
Objective Function:
 Error = 4.8837, Pnl = 0.0000, Total = 4.884 (W=0.50) 
 (ec50:4.35, gammaE:0.60, ic50:3.38, gammaI:50.27)

