=====================================================
Optimization start at 2022-07-13 23:53:58.650825
with Nelder-Mead method with tol=1.00e-02
====================================================
Initial conditions
[-7.853871964321762, 8.71, -8.006563769502389, -6.368556230986828, -7.785156151952302, -5.8326826652518236, -7.764471553092451, -6.5638373529592435, 0.6989700043360189, 0.6989700043360189, 1.6989700043360187, 9.540329474790873, 3.1931245983544616, 4.230448921378274, 3.6009728956867484, 12.252853030979892, 4.418301291319746]
========================
 completed 2022-07-14 05:32:08.945560
Parameters:
ARA50=1.82e-08, gammaA=9.04 
k_dissA=2.62e+03,  k_assocA=5.90e+09, K_A=4.44e-07
k_close=4.24e+04,  k_open=1.06e+04 
k_hydrol=1.20e+04 
k_dissA=1.70e+04,  k_assocA=9.24e+11, K_A=1.84e-08 
Cisatracurium: 
KD1=1.02e-08, KD2=3.60e-05, kdissD=4.0, mu=0.0003 
  EC50=1.28e-07, Gm=7.02 
  IC50=9.87e-09, nH=0.95 
Vecuronium: 
KD1=1.63e-08, KD2=1.58e-06, kdissD=5.4, mu=0.0103 
  EC50=2.43e-07, Gm=6.07 
  IC50=1.54e-08, nH=0.96 
Rocuronium: 
KD1=1.22e-08, KD2=1.76e-07, kdissD=61.5, mu=0.0695 
  EC50=1.34e-06, Gm=4.96 
  IC50=1.75e-08, nH=0.68 
---
Objective Function:
 Error = 0.1568, Pnl = 0.9231, Total = 1.080 (W=0.50) 
 (ec50:0.18, gammaE:0.55, ic50:0.12, gammaI:1.03)
