# 計算時間 (in vivo: 10ms, in vitro: 200ms)
=====================================================
Optimization start at 2022-07-11 23:18:01.625919
with Nelder-Mead method with tol=1.00e-02
====================================================
Initial conditions
[-6.215382707367125, 14.53, -7.95233580539844, -6.025212067786442, -7.732593581247096, -6.053105804897673, -7.717604495257475, -6.733533104559759, 0.414973347970818, 0.25527250510330607, 1.2624510897304295, 11.445604203273598, 3.1958996524092336, 5.117271295655764, 6.447158031342219]
========================
 completed 2022-07-12 03:29:25.763609
Parameters:
ARA50=1.86e-07, gammaA=9.04 
k_dissA=2.16e+02,  k_assocA=2.20e+10, K_A=9.81e-09
k_close=6.39e+04,  k_open=3.27e+07 
k_hydrol=1.20e+04 
Cisatracurium: 
KD1=9.61e-09, KD2=1.71e-04, kdissD=1.6, mu=0.0001 
  EC50=1.32e-07, Gm=6.99 
  IC50=9.64e-09, nH=0.97 
Vecuronium: 
KD1=1.56e-08, KD2=2.18e-06, kdissD=2.4, mu=0.0072 
  EC50=2.37e-07, Gm=6.34 
  IC50=1.54e-08, nH=0.97 
Rocuronium: 
KD1=1.60e-08, KD2=1.75e-07, kdissD=10.9, mu=0.0918 
  EC50=1.28e-06, Gm=4.91 
  IC50=1.76e-08, nH=0.67 
---
Objective Function:
 Error = 0.1606, Pnl = 2.2465, Total = 2.407 (W=0.50) 
 (ec50:0.62, gammaE:0.37, ic50:0.29, gammaI:0.66)

# 計算時間を変更 (in vivo: 5ms, in vitro: 5ms)
=====================================================
Optimization start at 2022-07-25 00:46:35.792789
with Nelder-Mead method with tol=1.00e-02
====================================================
Initial conditions
[-6.215382707367125, 14.53, -7.95233580539844, -6.025212067786442, -7.732593581247096, -6.053105804897673, -7.717604495257475, -6.733533104559759, 0.414973347970818, 0.25527250510330607, 1.7015679850559273, 11.445604203273598, 3.1958996524092336, 5.117271295655764, 6.447158031342219]
========================
 completed 2022-07-25 04:53:34.393751
Parameters:
ARA50=2.08e-07, gammaA=9.14 
k_dissA=4.43e+02,  k_assocA=2.80e+10, K_A=1.58e-08
k_close=2.22e+07,  k_open=1.48e+10 
k_hydrol=1.20e+04 
Cisatracurium: 
KD1=9.57e-09, KD2=6.75e-06, kdissD=2.6, mu=705.3818 
  EC50=1.32e-07, Gm=6.94 
  IC50=9.51e-09, nH=0.99 
Vecuronium: 
KD1=1.58e-08, KD2=2.76e-06, kdissD=1.9, mu=174.5163 
  EC50=2.31e-07, Gm=6.57 
  IC50=1.55e-08, nH=1.00 
Rocuronium: 
KD1=1.23e-08, KD2=1.37e-07, kdissD=64.7, mu=11.1457 
  EC50=1.27e-06, Gm=4.99 
  IC50=1.77e-08, nH=0.69 
---
Objective Function:
 Error = 0.1431, Pnl = 2.0938, Total = 2.237 (W=0.50) 
 (ec50:0.77, gammaE:0.26, ic50:0.43, gammaI:0.26)
