=====================================================
Optimization start at 2023-10-24 12:20:31.274673
with Nelder-Mead method with tol=1.00e-02
====================================================
Initial conditions
[-6.681936665037238, 9.14, -8.019088062223156, -5.170696227168975, -7.801342913045578, -5.559090917934783, -7.910094888560602, -6.863279432843593, 0.414973347970818, 0.2787536009528289, 1.808210972924222, 10.447746639268647, 2.6464037262230695, 7.346352974450639, 10.170261715394957, 0.414973347970818, 0.2787536009528289, 1.808210972924222]
========================
 completed 2023-10-24 12:45:56.031420
Parameters:
ARA50=2.07e-07, gammaA=9.04 
k_dissA=4.42e+02,  k_assocA=2.70e+10, K_A=1.64e-08
k_close=2.59e+07,  k_open=6.44e+10 
k_hydrol=1.20e+04 
Cisatracurium: 
KD1=9.57e-09, KD2=4.70e-05, kdissD1=2.7, kdissD2=2.6, mu=4914.3838 
  EC50=1.30e-07, Gm=6.99 
  IC50=9.58e-09, nH=0.99 
Vecuronium: 
KD1=1.56e-08, KD2=1.79e-06, kdissD1=1.9, kdissD2=1.9, mu=114.5358 
  EC50=2.39e-07, Gm=6.25 
  IC50=1.52e-08, nH=1.01 
Rocuronium: 
KD1=1.24e-08, KD2=1.35e-07, kdissD1=63.3, kdissD2=70.1, mu=10.8922 
  EC50=1.26e-06, Gm=5.08 
  IC50=1.77e-08, nH=0.69 
---
Objective Function:
 Error = 0.1360, Pnl = 2.0750, Total = 2.211 (W=0.50) 
 (ec50:0.59, gammaE:0.47, ic50:0.32, gammaI:0.25)


