=====================================================
Optimization start at 2023-10-20 16:57:15.333149
with Nelder-Mead method with tol=1.00e-02
====================================================
Initial conditions
[-7.739928612014925, 9.04, -7.991399828238082, -4.443697499232712, -7.787812395596042, -5.801342913045578, -7.913640169325252, -6.7544873321858505, 0.6020599913279624, 0.7323937598229685, 1.7888751157754168, 9.770852011642145, 3.4183012913197452, 4.627365856592733, 4.02530586526477, 0.6020599913279624, 0.7323937598229685, 1.7888751157754168, 11.965631098368615, 4.230448921378274]
========================
 completed 2023-10-20 18:24:09.067025
Parameters:
ARA50=1.82e-08, gammaA=9.40 
k_dissA=2.99e+03,  k_assocA=6.05e+09, K_A=4.95e-07
k_close=4.47e+04,  k_open=1.04e+04 
k_hydrol=1.20e+04 
k_dissA=1.79e+04,  k_assocA=9.37e+11, K_A=1.92e-08 
Cisatracurium: 
KD1=1.01e-08, KD2=4.74e-06, kdissD1=3.1, kdissD2=4.9, mu=469.8365 
  EC50=1.27e-07, Gm=7.07 
  IC50=9.65e-09, nH=0.96 
Vecuronium: 
KD1=1.64e-08, KD2=1.66e-06, kdissD1=3.9, kdissD2=5.5, mu=101.0198 
  EC50=2.38e-07, Gm=6.30 
  IC50=1.54e-08, nH=0.97 
Rocuronium: 
KD1=1.22e-08, KD2=1.82e-07, kdissD1=57.7, kdissD2=72.5, mu=14.9227 
  EC50=1.31e-06, Gm=4.97 
  IC50=1.73e-08, nH=0.67 
---
Objective Function:
 Error = 0.1364, Pnl = 0.9088, Total = 1.045 (W=0.50) 
 (ec50:0.27, gammaE:0.44, ic50:0.19, gammaI:0.73)
